<?xml version="1.0" encoding="UTF-8"?>
<!-- Generated by org.testng.reporters.JUnitReportReporter -->
<testsuite hostname="Memories" failures="0" tests="1" name="com.example.Selenium.SpringHTest" time="23.297" errors="0" timestamp="2022-11-05T15:17:34 IST" skipped="0">
  <testcase classname="com.example.Selenium.SpringHTest" name="springHTest" time="23.297"/>
  <system-out/>
</testsuite> <!-- com.example.Selenium.SpringHTest -->
