<?xml version="1.0" encoding="UTF-8"?>
<!-- Generated by org.testng.reporters.JUnitReportReporter -->
<testsuite hostname="Memories" failures="0" tests="1" name="com.example.Selenium.PetStoreTest" time="7.743" errors="0" timestamp="2022-11-03T15:59:14 IST" skipped="0">
  <testcase classname="com.example.Selenium.PetStoreTest" name="petStoreTest" time="7.743"/>
  <system-out/>
</testsuite> <!-- com.example.Selenium.PetStoreTest -->
