<?xml version="1.0" encoding="UTF-8"?>
<!-- Generated by org.testng.reporters.JUnitReportReporter -->
<testsuite hostname="Memories" failures="0" tests="1" name="com.example.Selenium.MyStoreTest" time="39.273" errors="0" timestamp="2022-11-04T12:01:51 IST" skipped="0">
  <testcase classname="com.example.Selenium.MyStoreTest" name="myStoreTest" time="39.273"/>
  <system-out/>
</testsuite> <!-- com.example.Selenium.MyStoreTest -->
