<?xml version="1.0" encoding="UTF-8"?>
<!-- Generated by org.testng.reporters.JUnitReportReporter -->
<testsuite hostname="Memories" failures="0" tests="1" name="com.example.Selenium.MyStoreTest" time="23.097" errors="0" timestamp="2022-11-04T14:19:31 IST" skipped="0">
  <testcase classname="com.example.Selenium.MyStoreTest" name="myStoreTest" time="23.097"/>
  <system-out/>
</testsuite> <!-- com.example.Selenium.MyStoreTest -->
