<?xml version="1.0" encoding="UTF-8"?>
<!-- Generated by org.testng.reporters.JUnitReportReporter -->
<testsuite hostname="Memories" failures="0" tests="1" name="com.example.Selenium.HoverStoreTest" time="15.580" errors="0" timestamp="2022-11-04T17:18:20 IST" skipped="0">
  <testcase classname="com.example.Selenium.HoverStoreTest" name="myStoreTest" time="15.580"/>
  <system-out/>
</testsuite> <!-- com.example.Selenium.HoverStoreTest -->
