<?xml version="1.0" encoding="UTF-8"?>
<!-- Generated by org.testng.reporters.JUnitReportReporter -->
<testsuite hostname="Memories" failures="0" tests="1" name="com.example.Selenium.GoogleSearchLoop" time="79.011" errors="0" timestamp="2022-11-04T13:44:09 IST" skipped="0">
  <testcase classname="com.example.Selenium.GoogleSearchLoop" name="navigateToGoogle" time="79.011"/>
  <system-out/>
</testsuite> <!-- com.example.Selenium.GoogleSearchLoop -->
