<?xml version="1.0" encoding="UTF-8"?>
<!-- Generated by org.testng.reporters.JUnitReportReporter -->
<testsuite hostname="Memories" failures="0" tests="1" name="com.example.Selenium.OrangeHRMLoginPage" time="12.995" errors="0" timestamp="2022-11-04T15:32:11 IST" skipped="0">
  <testcase classname="com.example.Selenium.OrangeHRMLoginPage" name="logintest" time="12.995"/>
  <system-out/>
</testsuite> <!-- com.example.Selenium.OrangeHRMLoginPage -->
