<?xml version="1.0" encoding="UTF-8"?>
<!-- Generated by org.testng.reporters.JUnitReportReporter -->
<testsuite hostname="Memories" failures="0" tests="1" name="com.example.Selenium.SpringHTest" time="11.726" errors="0" timestamp="2022-11-04T09:34:23 IST" skipped="0">
  <testcase classname="com.example.Selenium.SpringHTest" name="springHTest" time="11.726"/>
  <system-out/>
</testsuite> <!-- com.example.Selenium.SpringHTest -->
