<?xml version="1.0" encoding="UTF-8"?>
<!-- Generated by org.testng.reporters.JUnitReportReporter -->
<testsuite hostname="Memories" failures="0" tests="1" name="com.example.Selenium.TC001_LoginPage" time="21.576" errors="0" timestamp="2022-11-03T14:35:35 IST" skipped="0">
  <testcase classname="com.example.Selenium.TC001_LoginPage" name="logintest" time="21.576"/>
  <system-out/>
</testsuite> <!-- com.example.Selenium.TC001_LoginPage -->
