<?xml version="1.0" encoding="UTF-8"?>
<!-- Generated by org.testng.reporters.JUnitReportReporter -->
<testsuite hostname="Memories" failures="0" tests="1" name="com.example.Selenium.SelectFacebookExample" time="10.652" errors="0" timestamp="2022-11-04T12:25:56 IST" skipped="0">
  <testcase classname="com.example.Selenium.SelectFacebookExample" name="fbSelect" time="10.652"/>
  <system-out/>
</testsuite> <!-- com.example.Selenium.SelectFacebookExample -->
