<?xml version="1.0" encoding="UTF-8"?>
<!-- Generated by org.testng.reporters.JUnitReportReporter -->
<testsuite hostname="Memories" failures="0" tests="1" name="com.example.Selenium.BingTest" time="9.260" errors="0" timestamp="2022-11-03T11:30:51 IST" skipped="0">
  <testcase classname="com.example.Selenium.BingTest" name="navigateToBing" time="9.260"/>
  <system-out/>
</testsuite> <!-- com.example.Selenium.BingTest -->
