<?xml version="1.0" encoding="UTF-8"?>
<!-- Generated by org.testng.reporters.JUnitReportReporter -->
<testsuite hostname="Memories" failures="0" tests="1" name="com.example.Selenium.BingTest" time="14.258" errors="0" timestamp="2022-11-04T13:34:26 IST" skipped="0">
  <testcase classname="com.example.Selenium.BingTest" name="navigateToBing" time="14.258"/>
  <system-out/>
</testsuite> <!-- com.example.Selenium.BingTest -->
